<?xml version="1.0" encoding="UTF-8"?>
<coverage generated="1694683168458" clover="3.2.0">
  <project timestamp="1694683168458" name="All files">
    <metrics statements="54" coveredstatements="50" conditionals="10" coveredconditionals="9" methods="16" coveredmethods="14" elements="80" coveredelements="73" complexity="0" loc="54" ncloc="54" packages="2" files="5" classes="5"/>
    <package name="components">
      <metrics statements="33" coveredstatements="31" conditionals="2" coveredconditionals="2" methods="11" coveredmethods="9"/>
      <file name="Form.jsx" path="C:\Users\Rafa\OneDrive\Travelport\Forms\src\components\Form.jsx">
        <metrics statements="16" coveredstatements="14" conditionals="0" coveredconditionals="0" methods="5" coveredmethods="3"/>
        <line num="1" count="1" type="stmt"/>
        <line num="8" count="1" type="stmt"/>
        <line num="10" count="1" type="stmt"/>
        <line num="11" count="1" type="stmt"/>
        <line num="12" count="1" type="stmt"/>
        <line num="15" count="42" type="stmt"/>
        <line num="16" count="41" type="stmt"/>
        <line num="17" count="41" type="stmt"/>
        <line num="18" count="41" type="stmt"/>
        <line num="19" count="41" type="stmt"/>
        <line num="21" count="41" type="stmt"/>
        <line num="50" count="1" type="stmt"/>
        <line num="68" count="9" type="stmt"/>
        <line num="74" count="0" type="stmt"/>
        <line num="81" count="0" type="stmt"/>
        <line num="89" count="19" type="stmt"/>
      </file>
      <file name="FormButton.jsx" path="C:\Users\Rafa\OneDrive\Travelport\Forms\src\components\FormButton.jsx">
        <metrics statements="3" coveredstatements="3" conditionals="0" coveredconditionals="0" methods="1" coveredmethods="1"/>
        <line num="1" count="1" type="stmt"/>
        <line num="4" count="82" type="stmt"/>
        <line num="11" count="82" type="stmt"/>
      </file>
      <file name="SelectField.jsx" path="C:\Users\Rafa\OneDrive\Travelport\Forms\src\components\SelectField.jsx">
        <metrics statements="7" coveredstatements="7" conditionals="0" coveredconditionals="0" methods="3" coveredmethods="3"/>
        <line num="1" count="1" type="stmt"/>
        <line num="3" count="41" type="stmt"/>
        <line num="11" count="41" type="stmt"/>
        <line num="12" count="9" type="stmt"/>
        <line num="13" count="9" type="stmt"/>
        <line num="16" count="41" type="stmt"/>
        <line num="22" count="82" type="stmt"/>
      </file>
      <file name="TextField.jsx" path="C:\Users\Rafa\OneDrive\Travelport\Forms\src\components\TextField.jsx">
        <metrics statements="7" coveredstatements="7" conditionals="2" coveredconditionals="2" methods="2" coveredmethods="2"/>
        <line num="1" count="1" type="stmt"/>
        <line num="4" count="164" type="stmt"/>
        <line num="12" count="164" type="stmt"/>
        <line num="14" count="164" type="stmt"/>
        <line num="15" count="13" type="stmt"/>
        <line num="16" count="13" type="stmt"/>
        <line num="17" count="13" type="stmt"/>
      </file>
    </package>
    <package name="utils">
      <metrics statements="21" coveredstatements="19" conditionals="8" coveredconditionals="7" methods="5" coveredmethods="5"/>
      <file name="validators.js" path="C:\Users\Rafa\OneDrive\Travelport\Forms\src\utils\validators.js">
        <metrics statements="21" coveredstatements="19" conditionals="8" coveredconditionals="7" methods="5" coveredmethods="5"/>
        <line num="1" count="82" type="stmt"/>
        <line num="2" count="4" type="stmt"/>
        <line num="5" count="1" type="stmt"/>
        <line num="6" count="1" type="stmt"/>
        <line num="11" count="9" type="stmt"/>
        <line num="12" count="9" type="stmt"/>
        <line num="13" count="9" type="cond" truecount="2" falsecount="1"/>
        <line num="15" count="5" type="stmt"/>
        <line num="16" count="5" type="stmt"/>
        <line num="18" count="4" type="stmt"/>
        <line num="19" count="4" type="stmt"/>
        <line num="21" count="0" type="stmt"/>
        <line num="22" count="0" type="stmt"/>
        <line num="24" count="9" type="stmt"/>
        <line num="27" count="1" type="stmt"/>
        <line num="28" count="5" type="stmt"/>
        <line num="29" count="5" type="stmt"/>
        <line num="30" count="5" type="stmt"/>
        <line num="31" count="5" type="stmt"/>
        <line num="34" count="1" type="stmt"/>
        <line num="35" count="4" type="cond" truecount="2" falsecount="0"/>
      </file>
    </package>
  </project>
</coverage>
