<?xml version="1.0" encoding="UTF-8"?>
<coverage generated="1694502937414" clover="3.2.0">
  <project timestamp="1694502937414" name="All files">
    <metrics statements="24" coveredstatements="19" conditionals="2" coveredconditionals="1" methods="6" coveredmethods="3" elements="32" coveredelements="23" complexity="0" loc="24" ncloc="24" packages="2" files="4" classes="4"/>
    <package name="components">
      <metrics statements="22" coveredstatements="18" conditionals="2" coveredconditionals="1" methods="5" coveredmethods="3"/>
      <file name="Form.jsx" path="C:\Users\Rafa\OneDrive\Travelport\Forms\src\components\Form.jsx">
        <metrics statements="11" coveredstatements="11" conditionals="0" coveredconditionals="0" methods="1" coveredmethods="1"/>
        <line num="1" count="1" type="stmt"/>
        <line num="4" count="1" type="stmt"/>
        <line num="6" count="1" type="stmt"/>
        <line num="7" count="1" type="stmt"/>
        <line num="10" count="9" type="stmt"/>
        <line num="11" count="8" type="stmt"/>
        <line num="12" count="8" type="stmt"/>
        <line num="13" count="8" type="stmt"/>
        <line num="14" count="8" type="stmt"/>
        <line num="16" count="8" type="stmt"/>
        <line num="66" count="4" type="stmt"/>
      </file>
      <file name="SelectField.jsx" path="C:\Users\Rafa\OneDrive\Travelport\Forms\src\components\SelectField.jsx">
        <metrics statements="4" coveredstatements="3" conditionals="0" coveredconditionals="0" methods="2" coveredmethods="1"/>
        <line num="1" count="1" type="stmt"/>
        <line num="3" count="8" type="stmt"/>
        <line num="10" count="16" type="stmt"/>
        <line num="15" count="0" type="stmt"/>
      </file>
      <file name="TextField.jsx" path="C:\Users\Rafa\OneDrive\Travelport\Forms\src\components\TextField.jsx">
        <metrics statements="7" coveredstatements="4" conditionals="2" coveredconditionals="1" methods="2" coveredmethods="1"/>
        <line num="1" count="1" type="stmt"/>
        <line num="4" count="32" type="stmt"/>
        <line num="11" count="32" type="stmt"/>
        <line num="13" count="32" type="stmt"/>
        <line num="14" count="0" type="stmt"/>
        <line num="15" count="0" type="stmt"/>
        <line num="16" count="0" type="stmt"/>
      </file>
    </package>
    <package name="utils">
      <metrics statements="2" coveredstatements="1" conditionals="0" coveredconditionals="0" methods="1" coveredmethods="0"/>
      <file name="validators.js" path="C:\Users\Rafa\OneDrive\Travelport\Forms\src\utils\validators.js">
        <metrics statements="2" coveredstatements="1" conditionals="0" coveredconditionals="0" methods="1" coveredmethods="0"/>
        <line num="1" count="32" type="stmt"/>
        <line num="2" count="0" type="stmt"/>
      </file>
    </package>
  </project>
</coverage>
