{"C:\\Users\\Rafa\\OneDrive\\Travelport\\Forms\\src\\components\\Form.jsx": {"path":"C:\\Users\\Rafa\\OneDrive\\Travelport\\Forms\\src\\components\\Form.jsx","statementMap":{"0":{"start":{"line":93,"column":0},"end":{"line":93,"column":15}},"1":{"start":{"line":1,"column":18},"end":{"line":1,"column":null}},"2":{"start":{"line":7,"column":7},"end":{"line":7,"column":null}},"3":{"start":{"line":9,"column":22},"end":{"line":9,"column":null}},"4":{"start":{"line":10,"column":24},"end":{"line":10,"column":null}},"5":{"start":{"line":11,"column":23},"end":{"line":11,"column":null}},"6":{"start":{"line":14,"column":34},"end":{"line":20,"column":null}},"7":{"start":{"line":22,"column":48},"end":{"line":22,"column":null}},"8":{"start":{"line":24,"column":23},"end":{"line":27,"column":null}},"9":{"start":{"line":25,"column":29},"end":{"line":25,"column":41}},"10":{"start":{"line":26,"column":4},"end":{"line":26,"column":null}},"11":{"start":{"line":26,"column":33},"end":{"line":26,"column":null}},"12":{"start":{"line":29,"column":31},"end":{"line":31,"column":null}},"13":{"start":{"line":30,"column":4},"end":{"line":30,"column":null}},"14":{"start":{"line":33,"column":20},"end":{"line":41,"column":null}},"15":{"start":{"line":34,"column":4},"end":{"line":40,"column":null}},"16":{"start":{"line":43,"column":2},"end":{"line":86,"column":null}},"17":{"start":{"line":93,"column":15},"end":{"line":93,"column":null}}},"fnMap":{"0":{"name":"Form","decl":{"start":{"line":13,"column":9},"end":{"line":13,"column":null}},"loc":{"start":{"line":13,"column":9},"end":{"line":91,"column":null}}},"1":{"name":"(anonymous_6)","decl":{"start":{"line":24,"column":23},"end":{"line":24,"column":null}},"loc":{"start":{"line":24,"column":23},"end":{"line":27,"column":null}}},"2":{"name":"(anonymous_7)","decl":{"start":{"line":26,"column":16},"end":{"line":26,"column":33}},"loc":{"start":{"line":26,"column":33},"end":{"line":26,"column":null}}},"3":{"name":"(anonymous_8)","decl":{"start":{"line":29,"column":31},"end":{"line":29,"column":null}},"loc":{"start":{"line":29,"column":31},"end":{"line":31,"column":null}}},"4":{"name":"(anonymous_9)","decl":{"start":{"line":33,"column":20},"end":{"line":33,"column":null}},"loc":{"start":{"line":33,"column":20},"end":{"line":41,"column":null}}}},"branchMap":{},"s":{"0":21,"1":1,"2":1,"3":1,"4":1,"5":1,"6":42,"7":42,"8":42,"9":10,"10":10,"11":10,"12":42,"13":11,"14":42,"15":0,"16":42,"17":1},"f":{"0":42,"1":10,"2":10,"3":11,"4":0},"b":{}}
,"C:\\Users\\Rafa\\OneDrive\\Travelport\\Forms\\src\\components\\FormButton.jsx": {"path":"C:\\Users\\Rafa\\OneDrive\\Travelport\\Forms\\src\\components\\FormButton.jsx","statementMap":{"0":{"start":{"line":11,"column":0},"end":{"line":11,"column":15}},"1":{"start":{"line":1,"column":18},"end":{"line":1,"column":null}},"2":{"start":{"line":4,"column":2},"end":{"line":6,"column":null}},"3":{"start":{"line":11,"column":15},"end":{"line":11,"column":null}}},"fnMap":{"0":{"name":"FormButton","decl":{"start":{"line":3,"column":9},"end":{"line":3,"column":21}},"loc":{"start":{"line":3,"column":64},"end":{"line":9,"column":null}}}},"branchMap":{},"s":{"0":0,"1":1,"2":0,"3":1},"f":{"0":0},"b":{}}
,"C:\\Users\\Rafa\\OneDrive\\Travelport\\Forms\\src\\components\\SelectField.jsx": {"path":"C:\\Users\\Rafa\\OneDrive\\Travelport\\Forms\\src\\components\\SelectField.jsx","statementMap":{"0":{"start":{"line":3,"column":24},"end":{"line":3,"column":37}},"1":{"start":{"line":1,"column":18},"end":{"line":1,"column":null}},"2":{"start":{"line":11,"column":23},"end":{"line":14,"column":null}},"3":{"start":{"line":12,"column":18},"end":{"line":12,"column":36}},"4":{"start":{"line":13,"column":4},"end":{"line":13,"column":null}},"5":{"start":{"line":16,"column":2},"end":{"line":22,"column":null}},"6":{"start":{"line":22,"column":10},"end":{"line":22,"column":null}}},"fnMap":{"0":{"name":"SelectField","decl":{"start":{"line":3,"column":24},"end":{"line":3,"column":37}},"loc":{"start":{"line":10,"column":1},"end":{"line":27,"column":null}}},"1":{"name":"(anonymous_3)","decl":{"start":{"line":11,"column":23},"end":{"line":11,"column":null}},"loc":{"start":{"line":11,"column":23},"end":{"line":14,"column":null}}},"2":{"name":"(anonymous_4)","decl":{"start":{"line":21,"column":21},"end":{"line":21,"column":null}},"loc":{"start":{"line":22,"column":10},"end":{"line":22,"column":null}}}},"branchMap":{},"s":{"0":0,"1":1,"2":0,"3":0,"4":0,"5":0,"6":0},"f":{"0":0,"1":0,"2":0},"b":{}}
,"C:\\Users\\Rafa\\OneDrive\\Travelport\\Forms\\src\\components\\TextField.jsx": {"path":"C:\\Users\\Rafa\\OneDrive\\Travelport\\Forms\\src\\components\\TextField.jsx","statementMap":{"0":{"start":{"line":4,"column":24},"end":{"line":4,"column":35}},"1":{"start":{"line":1,"column":18},"end":{"line":1,"column":null}},"2":{"start":{"line":13,"column":28},"end":{"line":13,"column":null}},"3":{"start":{"line":15,"column":23},"end":{"line":20,"column":null}},"4":{"start":{"line":16,"column":18},"end":{"line":16,"column":36}},"5":{"start":{"line":17,"column":4},"end":{"line":17,"column":null}},"6":{"start":{"line":18,"column":4},"end":{"line":18,"column":null}},"7":{"start":{"line":19,"column":4},"end":{"line":19,"column":null}}},"fnMap":{"0":{"name":"TextField","decl":{"start":{"line":4,"column":24},"end":{"line":4,"column":35}},"loc":{"start":{"line":12,"column":1},"end":{"line":35,"column":null}}},"1":{"name":"(anonymous_5)","decl":{"start":{"line":15,"column":23},"end":{"line":15,"column":null}},"loc":{"start":{"line":15,"column":23},"end":{"line":20,"column":null}}}},"branchMap":{"0":{"loc":{"start":{"line":30,"column":19},"end":{"line":30,"column":null}},"type":"cond-expr","locations":[{"start":{"line":30,"column":27},"end":{"line":30,"column":37}},{"start":{"line":30,"column":37},"end":{"line":30,"column":null}}]}},"s":{"0":0,"1":1,"2":0,"3":0,"4":0,"5":0,"6":0,"7":0},"f":{"0":0,"1":0},"b":{"0":[0,0]}}
,"C:\\Users\\Rafa\\OneDrive\\Travelport\\Forms\\src\\utils\\validators.js": {"path":"C:\\Users\\Rafa\\OneDrive\\Travelport\\Forms\\src\\utils\\validators.js","statementMap":{"0":{"start":{"line":1,"column":13},"end":{"line":1,"column":24}},"1":{"start":{"line":5,"column":13},"end":{"line":5,"column":28}},"2":{"start":{"line":11,"column":13},"end":{"line":11,"column":23}},"3":{"start":{"line":1,"column":27},"end":{"line":3,"column":null}},"4":{"start":{"line":2,"column":2},"end":{"line":2,"column":null}},"5":{"start":{"line":5,"column":31},"end":{"line":9,"column":null}},"6":{"start":{"line":6,"column":2},"end":{"line":7,"column":null}},"7":{"start":{"line":11,"column":26},"end":{"line":25,"column":null}},"8":{"start":{"line":12,"column":25},"end":{"line":12,"column":null}},"9":{"start":{"line":13,"column":2},"end":{"line":23,"column":null}},"10":{"start":{"line":15,"column":6},"end":{"line":15,"column":null}},"11":{"start":{"line":16,"column":6},"end":{"line":16,"column":null}},"12":{"start":{"line":18,"column":6},"end":{"line":18,"column":null}},"13":{"start":{"line":19,"column":6},"end":{"line":19,"column":null}},"14":{"start":{"line":21,"column":6},"end":{"line":21,"column":null}},"15":{"start":{"line":22,"column":6},"end":{"line":22,"column":null}},"16":{"start":{"line":24,"column":2},"end":{"line":24,"column":null}},"17":{"start":{"line":27,"column":26},"end":{"line":32,"column":null}},"18":{"start":{"line":28,"column":21},"end":{"line":28,"column":null}},"19":{"start":{"line":29,"column":20},"end":{"line":29,"column":null}},"20":{"start":{"line":30,"column":20},"end":{"line":30,"column":null}},"21":{"start":{"line":31,"column":2},"end":{"line":31,"column":null}},"22":{"start":{"line":34,"column":28},"end":{"line":36,"column":null}},"23":{"start":{"line":35,"column":2},"end":{"line":35,"column":null}}},"fnMap":{"0":{"name":"(anonymous_4)","decl":{"start":{"line":1,"column":27},"end":{"line":1,"column":null}},"loc":{"start":{"line":1,"column":27},"end":{"line":3,"column":null}}},"1":{"name":"(anonymous_5)","decl":{"start":{"line":5,"column":31},"end":{"line":5,"column":32}},"loc":{"start":{"line":5,"column":38},"end":{"line":9,"column":null}}},"2":{"name":"(anonymous_6)","decl":{"start":{"line":11,"column":26},"end":{"line":11,"column":27}},"loc":{"start":{"line":11,"column":36},"end":{"line":25,"column":null}}},"3":{"name":"(anonymous_7)","decl":{"start":{"line":27,"column":26},"end":{"line":27,"column":null}},"loc":{"start":{"line":27,"column":26},"end":{"line":32,"column":null}}},"4":{"name":"(anonymous_8)","decl":{"start":{"line":34,"column":28},"end":{"line":34,"column":null}},"loc":{"start":{"line":34,"column":28},"end":{"line":36,"column":null}}}},"branchMap":{"0":{"loc":{"start":{"line":7,"column":4},"end":{"line":7,"column":null}},"type":"binary-expr","locations":[{"start":{"line":7,"column":4},"end":{"line":7,"column":32}},{"start":{"line":7,"column":32},"end":{"line":7,"column":57}},{"start":{"line":7,"column":57},"end":{"line":7,"column":null}}]},"1":{"loc":{"start":{"line":13,"column":2},"end":{"line":23,"column":null}},"type":"switch","locations":[{"start":{"line":14,"column":4},"end":{"line":16,"column":null}},{"start":{"line":17,"column":4},"end":{"line":19,"column":null}},{"start":{"line":20,"column":4},"end":{"line":22,"column":null}}]},"2":{"loc":{"start":{"line":35,"column":9},"end":{"line":35,"column":null}},"type":"binary-expr","locations":[{"start":{"line":35,"column":9},"end":{"line":35,"column":30}},{"start":{"line":35,"column":30},"end":{"line":35,"column":null}}]}},"s":{"0":0,"1":0,"2":0,"3":1,"4":0,"5":1,"6":0,"7":1,"8":0,"9":0,"10":0,"11":0,"12":0,"13":0,"14":0,"15":0,"16":0,"17":1,"18":0,"19":0,"20":0,"21":0,"22":1,"23":0},"f":{"0":0,"1":0,"2":0,"3":0,"4":0},"b":{"0":[0,0,0],"1":[0,0,0],"2":[0,0]}}
}
