{"C:\\Users\\Rafa\\OneDrive\\Travelport\\Forms\\src\\components\\Form.jsx": {"path":"C:\\Users\\Rafa\\OneDrive\\Travelport\\Forms\\src\\components\\Form.jsx","statementMap":{"0":{"start":{"line":183,"column":0},"end":{"line":183,"column":15}},"1":{"start":{"line":1,"column":18},"end":{"line":1,"column":null}},"2":{"start":{"line":8,"column":7},"end":{"line":8,"column":null}},"3":{"start":{"line":11,"column":34},"end":{"line":17,"column":null}},"4":{"start":{"line":19,"column":36},"end":{"line":25,"column":null}},"5":{"start":{"line":27,"column":40},"end":{"line":27,"column":null}},"6":{"start":{"line":29,"column":23},"end":{"line":32,"column":null}},"7":{"start":{"line":30,"column":28},"end":{"line":30,"column":40}},"8":{"start":{"line":31,"column":4},"end":{"line":31,"column":null}},"9":{"start":{"line":31,"column":33},"end":{"line":31,"column":null}},"10":{"start":{"line":34,"column":21},"end":{"line":48,"column":null}},"11":{"start":{"line":35,"column":26},"end":{"line":35,"column":38}},"12":{"start":{"line":37,"column":4},"end":{"line":47,"column":null}},"13":{"start":{"line":38,"column":6},"end":{"line":41,"column":null}},"14":{"start":{"line":38,"column":36},"end":{"line":41,"column":null}},"15":{"start":{"line":43,"column":6},"end":{"line":46,"column":null}},"16":{"start":{"line":43,"column":36},"end":{"line":46,"column":null}},"17":{"start":{"line":50,"column":22},"end":{"line":52,"column":null}},"18":{"start":{"line":51,"column":4},"end":{"line":51,"column":null}},"19":{"start":{"line":51,"column":51},"end":{"line":51,"column":null}},"20":{"start":{"line":54,"column":2},"end":{"line":62,"column":null}},"21":{"start":{"line":55,"column":4},"end":{"line":61,"column":null}},"22":{"start":{"line":64,"column":20},"end":{"line":72,"column":null}},"23":{"start":{"line":65,"column":4},"end":{"line":71,"column":null}},"24":{"start":{"line":74,"column":2},"end":{"line":176,"column":null}},"25":{"start":{"line":183,"column":15},"end":{"line":183,"column":null}}},"fnMap":{"0":{"name":"Form","decl":{"start":{"line":10,"column":9},"end":{"line":10,"column":null}},"loc":{"start":{"line":10,"column":9},"end":{"line":181,"column":null}}},"1":{"name":"(anonymous_5)","decl":{"start":{"line":29,"column":23},"end":{"line":29,"column":null}},"loc":{"start":{"line":29,"column":23},"end":{"line":32,"column":null}}},"2":{"name":"(anonymous_6)","decl":{"start":{"line":31,"column":16},"end":{"line":31,"column":33}},"loc":{"start":{"line":31,"column":33},"end":{"line":31,"column":null}}},"3":{"name":"(anonymous_7)","decl":{"start":{"line":34,"column":21},"end":{"line":34,"column":null}},"loc":{"start":{"line":34,"column":21},"end":{"line":48,"column":null}}},"4":{"name":"(anonymous_8)","decl":{"start":{"line":38,"column":21},"end":{"line":38,"column":36}},"loc":{"start":{"line":38,"column":36},"end":{"line":41,"column":null}}},"5":{"name":"(anonymous_9)","decl":{"start":{"line":43,"column":21},"end":{"line":43,"column":36}},"loc":{"start":{"line":43,"column":36},"end":{"line":46,"column":null}}},"6":{"name":"(anonymous_10)","decl":{"start":{"line":50,"column":22},"end":{"line":50,"column":null}},"loc":{"start":{"line":50,"column":22},"end":{"line":52,"column":null}}},"7":{"name":"(anonymous_11)","decl":{"start":{"line":51,"column":42},"end":{"line":51,"column":51}},"loc":{"start":{"line":51,"column":51},"end":{"line":51,"column":null}}},"8":{"name":"(anonymous_12)","decl":{"start":{"line":54,"column":12},"end":{"line":54,"column":null}},"loc":{"start":{"line":54,"column":12},"end":{"line":62,"column":5}}},"9":{"name":"(anonymous_13)","decl":{"start":{"line":64,"column":20},"end":{"line":64,"column":null}},"loc":{"start":{"line":64,"column":20},"end":{"line":72,"column":null}}}},"branchMap":{"0":{"loc":{"start":{"line":37,"column":4},"end":{"line":47,"column":null}},"type":"if","locations":[{"start":{"line":37,"column":4},"end":{"line":47,"column":null}},{"start":{"line":42,"column":11},"end":{"line":47,"column":null}}]},"1":{"loc":{"start":{"line":90,"column":21},"end":{"line":90,"column":null}},"type":"cond-expr","locations":[{"start":{"line":90,"column":38},"end":{"line":90,"column":48}},{"start":{"line":90,"column":48},"end":{"line":90,"column":null}}]},"2":{"loc":{"start":{"line":94,"column":7},"end":{"line":94,"column":null}},"type":"binary-expr","locations":[{"start":{"line":94,"column":7},"end":{"line":94,"column":23}},{"start":{"line":94,"column":27},"end":{"line":94,"column":null}}]},"3":{"loc":{"start":{"line":106,"column":21},"end":{"line":106,"column":null}},"type":"cond-expr","locations":[{"start":{"line":106,"column":41},"end":{"line":106,"column":51}},{"start":{"line":106,"column":51},"end":{"line":106,"column":null}}]},"4":{"loc":{"start":{"line":110,"column":7},"end":{"line":110,"column":null}},"type":"binary-expr","locations":[{"start":{"line":110,"column":7},"end":{"line":110,"column":26}},{"start":{"line":110,"column":30},"end":{"line":110,"column":null}}]},"5":{"loc":{"start":{"line":122,"column":21},"end":{"line":122,"column":null}},"type":"cond-expr","locations":[{"start":{"line":122,"column":42},"end":{"line":122,"column":52}},{"start":{"line":122,"column":52},"end":{"line":122,"column":null}}]},"6":{"loc":{"start":{"line":126,"column":7},"end":{"line":126,"column":null}},"type":"binary-expr","locations":[{"start":{"line":126,"column":7},"end":{"line":126,"column":27}},{"start":{"line":126,"column":31},"end":{"line":126,"column":null}}]},"7":{"loc":{"start":{"line":136,"column":21},"end":{"line":136,"column":null}},"type":"cond-expr","locations":[{"start":{"line":136,"column":41},"end":{"line":136,"column":51}},{"start":{"line":136,"column":51},"end":{"line":136,"column":null}}]},"8":{"loc":{"start":{"line":155,"column":21},"end":{"line":155,"column":null}},"type":"cond-expr","locations":[{"start":{"line":155,"column":37},"end":{"line":155,"column":47}},{"start":{"line":155,"column":47},"end":{"line":155,"column":null}}]},"9":{"loc":{"start":{"line":159,"column":7},"end":{"line":159,"column":null}},"type":"binary-expr","locations":[{"start":{"line":159,"column":7},"end":{"line":159,"column":22}},{"start":{"line":159,"column":26},"end":{"line":159,"column":null}}]}},"s":{"0":25,"1":1,"2":1,"3":134,"4":134,"5":134,"6":134,"7":40,"8":40,"9":40,"10":134,"11":4,"12":4,"13":4,"14":4,"15":0,"16":0,"17":134,"18":134,"19":186,"20":134,"21":65,"22":134,"23":0,"24":134,"25":1},"f":{"0":134,"1":40,"2":40,"3":4,"4":4,"5":0,"6":134,"7":186,"8":65,"9":0},"b":{"0":[4,0],"1":[22,112],"2":[134,1],"3":[15,119],"4":[134,1],"5":[11,123],"6":[134,1],"7":[33,101],"8":[7,127],"9":[134,1]}}
,"C:\\Users\\Rafa\\OneDrive\\Travelport\\Forms\\src\\utils\\validators.js": {"path":"C:\\Users\\Rafa\\OneDrive\\Travelport\\Forms\\src\\utils\\validators.js","statementMap":{"0":{"start":{"line":1,"column":13},"end":{"line":1,"column":24}},"1":{"start":{"line":5,"column":13},"end":{"line":5,"column":28}},"2":{"start":{"line":14,"column":13},"end":{"line":14,"column":23}},"3":{"start":{"line":40,"column":13},"end":{"line":40,"column":27}},"4":{"start":{"line":1,"column":27},"end":{"line":3,"column":null}},"5":{"start":{"line":2,"column":2},"end":{"line":2,"column":null}},"6":{"start":{"line":5,"column":31},"end":{"line":12,"column":null}},"7":{"start":{"line":6,"column":2},"end":{"line":10,"column":null}},"8":{"start":{"line":14,"column":26},"end":{"line":27,"column":null}},"9":{"start":{"line":15,"column":25},"end":{"line":15,"column":null}},"10":{"start":{"line":16,"column":2},"end":{"line":25,"column":null}},"11":{"start":{"line":18,"column":6},"end":{"line":18,"column":null}},"12":{"start":{"line":19,"column":6},"end":{"line":19,"column":null}},"13":{"start":{"line":21,"column":6},"end":{"line":21,"column":null}},"14":{"start":{"line":22,"column":6},"end":{"line":22,"column":null}},"15":{"start":{"line":24,"column":6},"end":{"line":24,"column":null}},"16":{"start":{"line":26,"column":2},"end":{"line":26,"column":null}},"17":{"start":{"line":29,"column":26},"end":{"line":34,"column":null}},"18":{"start":{"line":30,"column":21},"end":{"line":30,"column":null}},"19":{"start":{"line":31,"column":20},"end":{"line":31,"column":null}},"20":{"start":{"line":32,"column":20},"end":{"line":32,"column":null}},"21":{"start":{"line":33,"column":2},"end":{"line":33,"column":null}},"22":{"start":{"line":36,"column":28},"end":{"line":38,"column":null}},"23":{"start":{"line":37,"column":2},"end":{"line":37,"column":null}},"24":{"start":{"line":40,"column":30},"end":{"line":42,"column":null}},"25":{"start":{"line":41,"column":2},"end":{"line":41,"column":null}}},"fnMap":{"0":{"name":"(anonymous_5)","decl":{"start":{"line":1,"column":27},"end":{"line":1,"column":null}},"loc":{"start":{"line":1,"column":27},"end":{"line":3,"column":null}}},"1":{"name":"(anonymous_6)","decl":{"start":{"line":5,"column":31},"end":{"line":5,"column":32}},"loc":{"start":{"line":5,"column":38},"end":{"line":12,"column":null}}},"2":{"name":"(anonymous_7)","decl":{"start":{"line":14,"column":26},"end":{"line":14,"column":27}},"loc":{"start":{"line":14,"column":36},"end":{"line":27,"column":null}}},"3":{"name":"(anonymous_8)","decl":{"start":{"line":29,"column":26},"end":{"line":29,"column":null}},"loc":{"start":{"line":29,"column":26},"end":{"line":34,"column":null}}},"4":{"name":"(anonymous_9)","decl":{"start":{"line":36,"column":28},"end":{"line":36,"column":null}},"loc":{"start":{"line":36,"column":28},"end":{"line":38,"column":null}}},"5":{"name":"(anonymous_10)","decl":{"start":{"line":40,"column":30},"end":{"line":40,"column":null}},"loc":{"start":{"line":40,"column":30},"end":{"line":42,"column":null}}}},"branchMap":{"0":{"loc":{"start":{"line":2,"column":9},"end":{"line":2,"column":null}},"type":"binary-expr","locations":[{"start":{"line":2,"column":9},"end":{"line":2,"column":42}},{"start":{"line":2,"column":42},"end":{"line":2,"column":null}}]},"1":{"loc":{"start":{"line":7,"column":4},"end":{"line":10,"column":null}},"type":"binary-expr","locations":[{"start":{"line":7,"column":4},"end":{"line":7,"column":null}},{"start":{"line":8,"column":4},"end":{"line":8,"column":null}},{"start":{"line":9,"column":4},"end":{"line":9,"column":null}},{"start":{"line":10,"column":4},"end":{"line":10,"column":null}}]},"2":{"loc":{"start":{"line":16,"column":2},"end":{"line":25,"column":null}},"type":"switch","locations":[{"start":{"line":17,"column":4},"end":{"line":19,"column":null}},{"start":{"line":20,"column":4},"end":{"line":22,"column":null}},{"start":{"line":23,"column":4},"end":{"line":24,"column":null}}]},"3":{"loc":{"start":{"line":37,"column":9},"end":{"line":37,"column":null}},"type":"binary-expr","locations":[{"start":{"line":37,"column":9},"end":{"line":37,"column":30}},{"start":{"line":37,"column":30},"end":{"line":37,"column":null}}]},"4":{"loc":{"start":{"line":41,"column":9},"end":{"line":41,"column":null}},"type":"binary-expr","locations":[{"start":{"line":41,"column":9},"end":{"line":41,"column":32}},{"start":{"line":41,"column":32},"end":{"line":41,"column":null}}]}},"s":{"0":130,"1":65,"2":65,"3":65,"4":1,"5":144,"6":1,"7":65,"8":1,"9":65,"10":65,"11":14,"12":14,"13":8,"14":8,"15":43,"16":65,"17":1,"18":14,"19":14,"20":14,"21":14,"22":1,"23":8,"24":1,"25":65},"f":{"0":144,"1":65,"2":65,"3":14,"4":8,"5":65},"b":{"0":[144,142],"1":[65,14,7,7],"2":[14,8,43],"3":[8,2],"4":[65,51]}}
}
