TN:
SF:src\components\Form.jsx
FN:14,Form
FN:50,(anonymous_6)
FN:68,(anonymous_7)
FN:74,(anonymous_8)
FNF:4
FNH:3
FNDA:40,Form
FNDA:1,(anonymous_6)
FNDA:9,(anonymous_7)
FNDA:0,(anonymous_8)
DA:1,1
DA:8,1
DA:10,1
DA:11,1
DA:12,1
DA:15,40
DA:16,39
DA:17,39
DA:18,39
DA:19,39
DA:21,39
DA:50,1
DA:68,9
DA:74,0
DA:84,17
LF:15
LH:14
BRF:0
BRH:0
end_of_record
TN:
SF:src\components\FormButton.jsx
FN:3,FormButton
FNF:1
FNH:1
FNDA:40,FormButton
DA:1,1
DA:12,39
LF:2
LH:2
BRF:0
BRH:0
end_of_record
TN:
SF:src\components\SelectField.jsx
FN:3,SelectField
FN:11,(anonymous_3)
FN:21,(anonymous_4)
FNF:3
FNH:3
FNDA:39,SelectField
FNDA:9,(anonymous_3)
FNDA:78,(anonymous_4)
DA:1,1
DA:3,39
DA:11,39
DA:12,9
DA:13,9
DA:16,39
DA:22,78
LF:7
LH:7
BRF:0
BRH:0
end_of_record
TN:
SF:src\components\TextField.jsx
FN:4,TextField
FN:14,(anonymous_5)
FNF:2
FNH:2
FNDA:156,TextField
FNDA:13,(anonymous_5)
DA:1,1
DA:4,156
DA:12,156
DA:14,156
DA:15,13
DA:16,13
DA:17,13
LF:7
LH:7
BRDA:28,0,0,10
BRDA:28,0,1,146
BRF:2
BRH:2
end_of_record
TN:
SF:src\utils\validators.js
FN:1,(anonymous_4)
FN:5,(anonymous_5)
FN:11,(anonymous_6)
FN:27,(anonymous_7)
FN:34,(anonymous_8)
FNF:5
FNH:5
FNDA:4,(anonymous_4)
FNDA:1,(anonymous_5)
FNDA:9,(anonymous_6)
FNDA:5,(anonymous_7)
FNDA:4,(anonymous_8)
DA:1,78
DA:2,4
DA:5,1
DA:6,1
DA:11,9
DA:12,9
DA:13,9
DA:15,5
DA:16,5
DA:18,4
DA:19,4
DA:21,0
DA:22,0
DA:24,9
DA:27,1
DA:28,5
DA:29,5
DA:30,5
DA:31,5
DA:34,1
DA:35,4
LF:21
LH:19
BRDA:7,0,0,1
BRDA:7,0,1,1
BRDA:7,0,2,1
BRDA:13,1,0,5
BRDA:13,1,1,4
BRDA:13,1,2,0
BRDA:35,2,0,4
BRDA:35,2,1,2
BRF:8
BRH:7
end_of_record
