TN:
SF:src\components\Form.jsx
FN:9,Form
FN:42,(anonymous_6)
FNF:2
FNH:2
FNDA:10,Form
FNDA:1,(anonymous_6)
DA:1,1
DA:4,1
DA:6,1
DA:7,1
DA:10,10
DA:11,9
DA:12,9
DA:13,9
DA:14,9
DA:16,9
DA:42,1
DA:65,5
LF:12
LH:12
BRF:0
BRH:0
end_of_record
TN:
SF:src\components\SelectField.jsx
FN:3,SelectField
FN:10,(anonymous_3)
FN:19,(anonymous_4)
FNF:3
FNH:2
FNDA:9,SelectField
FNDA:0,(anonymous_3)
FNDA:18,(anonymous_4)
DA:1,1
DA:3,9
DA:10,9
DA:11,0
DA:12,0
DA:15,9
DA:20,18
LF:7
LH:5
BRF:0
BRH:0
end_of_record
TN:
SF:src\components\TextField.jsx
FN:4,TextField
FN:13,(anonymous_5)
FNF:2
FNH:2
FNDA:36,TextField
FNDA:4,(anonymous_5)
DA:1,1
DA:4,36
DA:11,36
DA:13,36
DA:14,4
DA:15,4
DA:16,4
LF:7
LH:7
BRDA:25,0,0,5
BRDA:25,0,1,31
BRF:2
BRH:2
end_of_record
TN:
SF:src\utils\validators.js
FN:1,(anonymous_3)
FN:5,(anonymous_4)
FNF:2
FNH:2
FNDA:4,(anonymous_3)
FNDA:1,(anonymous_4)
DA:1,27
DA:2,4
DA:5,1
DA:6,1
LF:4
LH:4
BRDA:6,0,0,1
BRDA:6,0,1,1
BRF:2
BRH:2
end_of_record
